<?xml version="1.0" encoding="UTF-8" standalone="no"?>
<!DOCTYPE log SYSTEM "logger.dtd">
<log>
</log>
<?xml version="1.0" encoding="UTF-8" standalone="no"?>
<!DOCTYPE log SYSTEM "logger.dtd">
<log>
<record>
  <date>2022-12-24T21:31:50.139038413Z</date>
  <millis>1671917510139</millis>
  <nanos>38413</nanos>
  <sequence>3</sequence>
  <logger>umontpellier.gl.erl.softscanner.controller.UserController</logger>
  <level>INFO</level>
  <class>umontpellier.gl.erl.softscanner.controller.UserController</class>
  <method>createUser</method>
  <thread>19</thread>
  <message>User Creation</message>
</record>
</log>
<?xml version="1.0" encoding="UTF-8" standalone="no"?>
<!DOCTYPE log SYSTEM "logger.dtd">
<log>
</log>
<?xml version="1.0" encoding="UTF-8" standalone="no"?>
<!DOCTYPE log SYSTEM "logger.dtd">
<log>
<record>
  <date>2022-12-24T21:32:03.596172889Z</date>
  <millis>1671917523596</millis>
  <nanos>172889</nanos>
  <sequence>3</sequence>
  <logger>umontpellier.gl.erl.softscanner.controller.UserController</logger>
  <level>INFO</level>
  <class>umontpellier.gl.erl.softscanner.controller.UserController</class>
  <method>createUser</method>
  <thread>19</thread>
  <message>User Creation</message>
</record>
</log>
<?xml version="1.0" encoding="UTF-8" standalone="no"?>
<!DOCTYPE log SYSTEM "logger.dtd">
<log>
</log>
<?xml version="1.0" encoding="UTF-8" standalone="no"?>
<!DOCTYPE log SYSTEM "logger.dtd">
<log>
</log>
